obj/Debug/netstandard2.1/blazor/unlinked/Acme.BookStore.Blazor.dll
obj/Debug/netstandard2.1/blazor/unlinked/Volo.Abp.Authorization.dll
obj/Debug/netstandard2.1/blazor/unlinked/System.Threading.Tasks.Extensions.dll
obj/Debug/netstandard2.1/blazor/unlinked/mscorlib.dll
obj/Debug/netstandard2.1/blazor/unlinked/System.Collections.Immutable.dll
obj/Debug/netstandard2.1/blazor/unlinked/System.Memory.dll
obj/Debug/netstandard2.1/blazor/unlinked/netstandard.dll
obj/Debug/netstandard2.1/blazor/unlinked/System.Xml.Linq.dll
obj/Debug/netstandard2.1/blazor/unlinked/System.Core.dll
obj/Debug/netstandard2.1/blazor/unlinked/System.dll
obj/Debug/netstandard2.1/blazor/unlinked/WebAssembly.Net.WebSockets.dll
obj/Debug/netstandard2.1/blazor/unlinked/WebAssembly.Bindings.dll
obj/Debug/netstandard2.1/blazor/unlinked/System.Numerics.dll
obj/Debug/netstandard2.1/blazor/unlinked/System.Xml.dll
obj/Debug/netstandard2.1/blazor/unlinked/Mono.Security.dll
obj/Debug/netstandard2.1/blazor/unlinked/System.Transactions.dll
obj/Debug/netstandard2.1/blazor/unlinked/System.Runtime.Serialization.dll
obj/Debug/netstandard2.1/blazor/unlinked/System.ServiceModel.Internals.dll
obj/Debug/netstandard2.1/blazor/unlinked/System.Net.Http.dll
obj/Debug/netstandard2.1/blazor/unlinked/System.Net.Http.WebAssemblyHttpHandler.dll
obj/Debug/netstandard2.1/blazor/unlinked/System.ComponentModel.Composition.dll
obj/Debug/netstandard2.1/blazor/unlinked/System.IO.Compression.FileSystem.dll
obj/Debug/netstandard2.1/blazor/unlinked/System.IO.Compression.dll
obj/Debug/netstandard2.1/blazor/unlinked/System.Drawing.Common.dll
obj/Debug/netstandard2.1/blazor/unlinked/System.Data.DataSetExtensions.dll
obj/Debug/netstandard2.1/blazor/unlinked/System.Data.dll
obj/Debug/netstandard2.1/blazor/unlinked/Microsoft.AspNetCore.Metadata.dll
obj/Debug/netstandard2.1/blazor/unlinked/Microsoft.Extensions.Logging.Abstractions.dll
obj/Debug/netstandard2.1/blazor/unlinked/Microsoft.Extensions.Options.dll
obj/Debug/netstandard2.1/blazor/unlinked/Microsoft.Extensions.Primitives.dll
obj/Debug/netstandard2.1/blazor/unlinked/System.Runtime.CompilerServices.Unsafe.dll
obj/Debug/netstandard2.1/blazor/unlinked/Microsoft.Extensions.DependencyInjection.Abstractions.dll
obj/Debug/netstandard2.1/blazor/unlinked/Microsoft.AspNetCore.Authorization.dll
obj/Debug/netstandard2.1/blazor/unlinked/Volo.Abp.Core.dll
obj/Debug/netstandard2.1/blazor/unlinked/Microsoft.Extensions.Configuration.CommandLine.dll
obj/Debug/netstandard2.1/blazor/unlinked/Microsoft.Extensions.Configuration.dll
obj/Debug/netstandard2.1/blazor/unlinked/Microsoft.Extensions.Configuration.Abstractions.dll
obj/Debug/netstandard2.1/blazor/unlinked/Microsoft.Extensions.Configuration.EnvironmentVariables.dll
obj/Debug/netstandard2.1/blazor/unlinked/Microsoft.Extensions.Configuration.UserSecrets.dll
obj/Debug/netstandard2.1/blazor/unlinked/Microsoft.Extensions.FileProviders.Abstractions.dll
obj/Debug/netstandard2.1/blazor/unlinked/Microsoft.Extensions.Configuration.Json.dll
obj/Debug/netstandard2.1/blazor/unlinked/Microsoft.Extensions.Configuration.FileExtensions.dll
obj/Debug/netstandard2.1/blazor/unlinked/Microsoft.Extensions.FileProviders.Physical.dll
obj/Debug/netstandard2.1/blazor/unlinked/Microsoft.Extensions.FileSystemGlobbing.dll
obj/Debug/netstandard2.1/blazor/unlinked/System.Text.Json.dll
obj/Debug/netstandard2.1/blazor/unlinked/System.Buffers.dll
obj/Debug/netstandard2.1/blazor/unlinked/Microsoft.Bcl.AsyncInterfaces.dll
obj/Debug/netstandard2.1/blazor/unlinked/System.Numerics.Vectors.dll
obj/Debug/netstandard2.1/blazor/unlinked/System.Text.Encodings.Web.dll
obj/Debug/netstandard2.1/blazor/unlinked/Microsoft.Extensions.Localization.dll
obj/Debug/netstandard2.1/blazor/unlinked/Microsoft.Extensions.Localization.Abstractions.dll
obj/Debug/netstandard2.1/blazor/unlinked/Microsoft.Extensions.Logging.dll
obj/Debug/netstandard2.1/blazor/unlinked/Microsoft.Extensions.DependencyInjection.dll
obj/Debug/netstandard2.1/blazor/unlinked/Microsoft.Extensions.Options.ConfigurationExtensions.dll
obj/Debug/netstandard2.1/blazor/unlinked/Microsoft.Extensions.Configuration.Binder.dll
obj/Debug/netstandard2.1/blazor/unlinked/System.Runtime.Loader.dll
obj/Debug/netstandard2.1/blazor/unlinked/Nito.AsyncEx.Context.dll
obj/Debug/netstandard2.1/blazor/unlinked/Nito.AsyncEx.Tasks.dll
obj/Debug/netstandard2.1/blazor/unlinked/Nito.Disposables.dll
obj/Debug/netstandard2.1/blazor/unlinked/Microsoft.Extensions.Hosting.Abstractions.dll
obj/Debug/netstandard2.1/blazor/unlinked/System.ComponentModel.Annotations.dll
obj/Debug/netstandard2.1/blazor/unlinked/System.ComponentModel.DataAnnotations.dll
obj/Debug/netstandard2.1/blazor/unlinked/Volo.Abp.MultiTenancy.dll
obj/Debug/netstandard2.1/blazor/unlinked/Volo.Abp.Security.dll
obj/Debug/netstandard2.1/blazor/unlinked/Volo.Abp.Data.dll
obj/Debug/netstandard2.1/blazor/unlinked/Volo.Abp.Uow.dll
obj/Debug/netstandard2.1/blazor/unlinked/Volo.Abp.ObjectExtending.dll
obj/Debug/netstandard2.1/blazor/unlinked/Volo.Abp.Validation.Abstractions.dll
obj/Debug/netstandard2.1/blazor/unlinked/Volo.Abp.Localization.Abstractions.dll
obj/Debug/netstandard2.1/blazor/unlinked/Autofac.dll
obj/Debug/netstandard2.1/blazor/unlinked/Blazorise.Icons.FontAwesome.dll
obj/Debug/netstandard2.1/blazor/unlinked/Microsoft.AspNetCore.Components.dll
obj/Debug/netstandard2.1/blazor/unlinked/Blazorise.dll
obj/Debug/netstandard2.1/blazor/unlinked/Microsoft.AspNetCore.Components.Forms.dll
obj/Debug/netstandard2.1/blazor/unlinked/Microsoft.AspNetCore.Components.Web.dll
obj/Debug/netstandard2.1/blazor/unlinked/Microsoft.JSInterop.dll
obj/Debug/netstandard2.1/blazor/unlinked/Blazorise.Bootstrap.dll
obj/Debug/netstandard2.1/blazor/unlinked/Volo.Abp.BlazoriseUI.dll
obj/Debug/netstandard2.1/blazor/unlinked/Blazorise.DataGrid.dll
obj/Debug/netstandard2.1/blazor/unlinked/Volo.Abp.ObjectMapping.dll
obj/Debug/netstandard2.1/blazor/unlinked/Volo.Abp.UI.dll
obj/Debug/netstandard2.1/blazor/unlinked/Volo.Abp.Localization.dll
obj/Debug/netstandard2.1/blazor/unlinked/Newtonsoft.Json.dll
obj/Debug/netstandard2.1/blazor/unlinked/Volo.Abp.Settings.dll
obj/Debug/netstandard2.1/blazor/unlinked/Volo.Abp.VirtualFileSystem.dll
obj/Debug/netstandard2.1/blazor/unlinked/Microsoft.Extensions.FileProviders.Embedded.dll
obj/Debug/netstandard2.1/blazor/unlinked/Microsoft.Extensions.FileProviders.Composite.dll
obj/Debug/netstandard2.1/blazor/unlinked/Volo.Abp.ExceptionHandling.dll
obj/Debug/netstandard2.1/blazor/unlinked/Volo.Abp.Ddd.Application.Contracts.dll
obj/Debug/netstandard2.1/blazor/unlinked/Volo.Abp.Auditing.dll
obj/Debug/netstandard2.1/blazor/unlinked/Volo.Abp.Threading.dll
obj/Debug/netstandard2.1/blazor/unlinked/Volo.Abp.Timing.dll
obj/Debug/netstandard2.1/blazor/unlinked/TimeZoneConverter.dll
obj/Debug/netstandard2.1/blazor/unlinked/Volo.Abp.Json.dll
obj/Debug/netstandard2.1/blazor/unlinked/Volo.Abp.AspNetCore.Components.WebAssembly.dll
obj/Debug/netstandard2.1/blazor/unlinked/Volo.Abp.AspNetCore.Mvc.Contracts.dll
obj/Debug/netstandard2.1/blazor/unlinked/Volo.Abp.Ddd.Application.dll
obj/Debug/netstandard2.1/blazor/unlinked/System.Linq.Dynamic.Core.dll
obj/Debug/netstandard2.1/blazor/unlinked/System.Reflection.Emit.ILGeneration.dll
obj/Debug/netstandard2.1/blazor/unlinked/System.Reflection.Emit.dll
obj/Debug/netstandard2.1/blazor/unlinked/Volo.Abp.Guids.dll
obj/Debug/netstandard2.1/blazor/unlinked/Volo.Abp.Features.dll
obj/Debug/netstandard2.1/blazor/unlinked/Volo.Abp.Validation.dll
obj/Debug/netstandard2.1/blazor/unlinked/Volo.Abp.Http.Abstractions.dll
obj/Debug/netstandard2.1/blazor/unlinked/Volo.Abp.Ddd.Domain.dll
obj/Debug/netstandard2.1/blazor/unlinked/Volo.Abp.EventBus.dll
obj/Debug/netstandard2.1/blazor/unlinked/Microsoft.AspNetCore.Components.WebAssembly.dll
obj/Debug/netstandard2.1/blazor/unlinked/Microsoft.JSInterop.WebAssembly.dll
obj/Debug/netstandard2.1/blazor/unlinked/Volo.Abp.Http.Client.dll
obj/Debug/netstandard2.1/blazor/unlinked/Microsoft.Extensions.Http.Polly.dll
obj/Debug/netstandard2.1/blazor/unlinked/Polly.Extensions.Http.dll
obj/Debug/netstandard2.1/blazor/unlinked/Polly.dll
obj/Debug/netstandard2.1/blazor/unlinked/Microsoft.Extensions.Http.dll
obj/Debug/netstandard2.1/blazor/unlinked/Castle.Core.dll
obj/Debug/netstandard2.1/blazor/unlinked/System.Xml.ReaderWriter.dll
obj/Debug/netstandard2.1/blazor/unlinked/System.IO.FileSystem.Primitives.dll
obj/Debug/netstandard2.1/blazor/unlinked/System.Console.dll
obj/Debug/netstandard2.1/blazor/unlinked/System.AppContext.dll
obj/Debug/netstandard2.1/blazor/unlinked/System.Globalization.dll
obj/Debug/netstandard2.1/blazor/unlinked/System.Runtime.InteropServices.dll
obj/Debug/netstandard2.1/blazor/unlinked/System.Runtime.Extensions.dll
obj/Debug/netstandard2.1/blazor/unlinked/System.Resources.ResourceManager.dll
obj/Debug/netstandard2.1/blazor/unlinked/System.Reflection.TypeExtensions.dll
obj/Debug/netstandard2.1/blazor/unlinked/System.Linq.dll
obj/Debug/netstandard2.1/blazor/unlinked/System.Dynamic.Runtime.dll
obj/Debug/netstandard2.1/blazor/unlinked/System.ObjectModel.dll
obj/Debug/netstandard2.1/blazor/unlinked/System.Xml.XmlDocument.dll
obj/Debug/netstandard2.1/blazor/unlinked/System.Collections.Specialized.dll
obj/Debug/netstandard2.1/blazor/unlinked/System.Threading.dll
obj/Debug/netstandard2.1/blazor/unlinked/System.ComponentModel.TypeConverter.dll
obj/Debug/netstandard2.1/blazor/unlinked/System.Diagnostics.TraceSource.dll
obj/Debug/netstandard2.1/blazor/unlinked/System.IO.FileSystem.dll
obj/Debug/netstandard2.1/blazor/unlinked/System.Text.Encoding.dll
obj/Debug/netstandard2.1/blazor/unlinked/System.ComponentModel.dll
obj/Debug/netstandard2.1/blazor/unlinked/System.Reflection.Extensions.dll
obj/Debug/netstandard2.1/blazor/unlinked/System.Reflection.Primitives.dll
obj/Debug/netstandard2.1/blazor/unlinked/System.IO.dll
obj/Debug/netstandard2.1/blazor/unlinked/System.Collections.dll
obj/Debug/netstandard2.1/blazor/unlinked/System.Linq.Expressions.dll
obj/Debug/netstandard2.1/blazor/unlinked/System.Reflection.dll
obj/Debug/netstandard2.1/blazor/unlinked/System.Diagnostics.Debug.dll
obj/Debug/netstandard2.1/blazor/unlinked/System.Runtime.dll
obj/Debug/netstandard2.1/blazor/unlinked/Volo.Abp.Castle.Core.dll
obj/Debug/netstandard2.1/blazor/unlinked/Castle.Core.AsyncInterceptor.dll
obj/Debug/netstandard2.1/blazor/unlinked/Volo.Abp.Http.dll
obj/Debug/netstandard2.1/blazor/unlinked/Volo.Abp.Minify.dll
obj/Debug/netstandard2.1/blazor/unlinked/NUglify.dll
obj/Debug/netstandard2.1/blazor/unlinked/Volo.Abp.AspNetCore.Mvc.Client.Common.dll
obj/Debug/netstandard2.1/blazor/unlinked/Volo.Abp.Caching.dll
obj/Debug/netstandard2.1/blazor/unlinked/Microsoft.Extensions.Caching.Memory.dll
obj/Debug/netstandard2.1/blazor/unlinked/Microsoft.Extensions.Caching.Abstractions.dll
obj/Debug/netstandard2.1/blazor/unlinked/Volo.Abp.Serialization.dll
obj/Debug/netstandard2.1/blazor/unlinked/Microsoft.AspNetCore.Components.Authorization.dll
obj/Debug/netstandard2.1/blazor/unlinked/Acme.BookStore.Domain.Shared.dll
obj/Debug/netstandard2.1/blazor/unlinked/Volo.Abp.TenantManagement.Domain.Shared.dll
obj/Debug/netstandard2.1/blazor/unlinked/Volo.Abp.SettingManagement.Domain.Shared.dll
obj/Debug/netstandard2.1/blazor/unlinked/Volo.Abp.PermissionManagement.Domain.Shared.dll
obj/Debug/netstandard2.1/blazor/unlinked/Volo.Abp.IdentityServer.Domain.Shared.dll
obj/Debug/netstandard2.1/blazor/unlinked/Volo.Abp.Identity.Domain.Shared.dll
obj/Debug/netstandard2.1/blazor/unlinked/Volo.Abp.Users.Domain.Shared.dll
obj/Debug/netstandard2.1/blazor/unlinked/Volo.Abp.FeatureManagement.Domain.Shared.dll
obj/Debug/netstandard2.1/blazor/unlinked/Volo.Abp.BackgroundJobs.Domain.Shared.dll
obj/Debug/netstandard2.1/blazor/unlinked/Volo.Abp.AuditLogging.Domain.Shared.dll
obj/Debug/netstandard2.1/blazor/unlinked/Acme.BookStore.Application.Contracts.dll
obj/Debug/netstandard2.1/blazor/unlinked/Volo.Abp.TenantManagement.Application.Contracts.dll
obj/Debug/netstandard2.1/blazor/unlinked/Volo.Abp.PermissionManagement.Application.Contracts.dll
obj/Debug/netstandard2.1/blazor/unlinked/Volo.Abp.Identity.Application.Contracts.dll
obj/Debug/netstandard2.1/blazor/unlinked/Volo.Abp.Users.Abstractions.dll
obj/Debug/netstandard2.1/blazor/unlinked/Volo.Abp.FeatureManagement.Application.Contracts.dll
obj/Debug/netstandard2.1/blazor/unlinked/Volo.Abp.Account.Application.Contracts.dll
obj/Debug/netstandard2.1/blazor/unlinked/Microsoft.AspNetCore.Components.WebAssembly.Authentication.dll
obj/Debug/netstandard2.1/blazor/unlinked/Volo.Abp.AutoMapper.dll
obj/Debug/netstandard2.1/blazor/unlinked/AutoMapper.dll
obj/Debug/netstandard2.1/blazor/unlinked/Microsoft.CSharp.dll
obj/Debug/netstandard2.1/blazor/unlinked/Volo.Abp.UI.Navigation.dll
obj/Debug/netstandard2.1/blazor/unlinked/Volo.Abp.AspNetCore.Components.WebAssembly.Theming.dll
obj/Debug/netstandard2.1/blazor/unlinked/Volo.Abp.Http.Client.IdentityModel.WebAssembly.dll
obj/Debug/netstandard2.1/blazor/unlinked/IdentityModel.dll
obj/Debug/netstandard2.1/blazor/unlinked/Volo.Abp.IdentityModel.dll
obj/Debug/netstandard2.1/blazor/unlinked/Volo.Abp.Http.Client.IdentityModel.dll
obj/Debug/netstandard2.1/blazor/unlinked/Volo.Abp.TenantManagement.Blazor.dll
obj/Debug/netstandard2.1/blazor/unlinked/Volo.Abp.FeatureManagement.Blazor.dll
obj/Debug/netstandard2.1/blazor/unlinked/Volo.Abp.FeatureManagement.HttpApi.Client.dll
obj/Debug/netstandard2.1/blazor/unlinked/Volo.Abp.TenantManagement.HttpApi.Client.dll
obj/Debug/netstandard2.1/blazor/unlinked/Volo.Abp.Identity.Blazor.dll
obj/Debug/netstandard2.1/blazor/unlinked/Volo.Abp.PermissionManagement.Blazor.dll
obj/Debug/netstandard2.1/blazor/unlinked/Volo.Abp.PermissionManagement.HttpApi.Client.dll
obj/Debug/netstandard2.1/blazor/unlinked/Volo.Abp.Identity.HttpApi.Client.dll
obj/Debug/netstandard2.1/blazor/unlinked/Volo.Abp.AspNetCore.Components.WebAssembly.BasicTheme.dll
obj/Debug/netstandard2.1/blazor/unlinked/Acme.BookStore.HttpApi.Client.dll
obj/Debug/netstandard2.1/blazor/unlinked/Volo.Abp.Account.HttpApi.Client.dll
obj/Debug/netstandard2.1/blazor/unlinked/Volo.Abp.Autofac.WebAssembly.dll
obj/Debug/netstandard2.1/blazor/unlinked/Volo.Abp.Autofac.dll
obj/Debug/netstandard2.1/blazor/unlinked/Autofac.Extras.DynamicProxy.dll
obj/Debug/netstandard2.1/blazor/unlinked/Acme.BookStore.Blazor.pdb
obj/Debug/netstandard2.1/blazor/unlinked/Volo.Abp.Authorization.pdb
obj/Debug/netstandard2.1/blazor/unlinked/Volo.Abp.Core.pdb
obj/Debug/netstandard2.1/blazor/unlinked/Nito.Disposables.pdb
obj/Debug/netstandard2.1/blazor/unlinked/Volo.Abp.MultiTenancy.pdb
obj/Debug/netstandard2.1/blazor/unlinked/Volo.Abp.Security.pdb
obj/Debug/netstandard2.1/blazor/unlinked/Volo.Abp.Data.pdb
obj/Debug/netstandard2.1/blazor/unlinked/Volo.Abp.Uow.pdb
obj/Debug/netstandard2.1/blazor/unlinked/Volo.Abp.ObjectExtending.pdb
obj/Debug/netstandard2.1/blazor/unlinked/Volo.Abp.Validation.Abstractions.pdb
obj/Debug/netstandard2.1/blazor/unlinked/Volo.Abp.Localization.Abstractions.pdb
obj/Debug/netstandard2.1/blazor/unlinked/Autofac.pdb
obj/Debug/netstandard2.1/blazor/unlinked/Volo.Abp.BlazoriseUI.pdb
obj/Debug/netstandard2.1/blazor/unlinked/Volo.Abp.ObjectMapping.pdb
obj/Debug/netstandard2.1/blazor/unlinked/Volo.Abp.UI.pdb
obj/Debug/netstandard2.1/blazor/unlinked/Volo.Abp.Localization.pdb
obj/Debug/netstandard2.1/blazor/unlinked/Volo.Abp.Settings.pdb
obj/Debug/netstandard2.1/blazor/unlinked/Volo.Abp.VirtualFileSystem.pdb
obj/Debug/netstandard2.1/blazor/unlinked/Volo.Abp.ExceptionHandling.pdb
obj/Debug/netstandard2.1/blazor/unlinked/Volo.Abp.Ddd.Application.Contracts.pdb
obj/Debug/netstandard2.1/blazor/unlinked/Volo.Abp.Auditing.pdb
obj/Debug/netstandard2.1/blazor/unlinked/Volo.Abp.Threading.pdb
obj/Debug/netstandard2.1/blazor/unlinked/Volo.Abp.Timing.pdb
obj/Debug/netstandard2.1/blazor/unlinked/Volo.Abp.Json.pdb
obj/Debug/netstandard2.1/blazor/unlinked/Volo.Abp.AspNetCore.Components.WebAssembly.pdb
obj/Debug/netstandard2.1/blazor/unlinked/Volo.Abp.AspNetCore.Mvc.Contracts.pdb
obj/Debug/netstandard2.1/blazor/unlinked/Volo.Abp.Ddd.Application.pdb
obj/Debug/netstandard2.1/blazor/unlinked/System.Linq.Dynamic.Core.pdb
obj/Debug/netstandard2.1/blazor/unlinked/Volo.Abp.Guids.pdb
obj/Debug/netstandard2.1/blazor/unlinked/Volo.Abp.Features.pdb
obj/Debug/netstandard2.1/blazor/unlinked/Volo.Abp.Validation.pdb
obj/Debug/netstandard2.1/blazor/unlinked/Volo.Abp.Http.Abstractions.pdb
obj/Debug/netstandard2.1/blazor/unlinked/Volo.Abp.Ddd.Domain.pdb
obj/Debug/netstandard2.1/blazor/unlinked/Volo.Abp.EventBus.pdb
obj/Debug/netstandard2.1/blazor/unlinked/Volo.Abp.Http.Client.pdb
obj/Debug/netstandard2.1/blazor/unlinked/Volo.Abp.Castle.Core.pdb
obj/Debug/netstandard2.1/blazor/unlinked/Volo.Abp.Http.pdb
obj/Debug/netstandard2.1/blazor/unlinked/Volo.Abp.Minify.pdb
obj/Debug/netstandard2.1/blazor/unlinked/Volo.Abp.AspNetCore.Mvc.Client.Common.pdb
obj/Debug/netstandard2.1/blazor/unlinked/Volo.Abp.Caching.pdb
obj/Debug/netstandard2.1/blazor/unlinked/Volo.Abp.Serialization.pdb
obj/Debug/netstandard2.1/blazor/unlinked/Acme.BookStore.Domain.Shared.pdb
obj/Debug/netstandard2.1/blazor/unlinked/Volo.Abp.TenantManagement.Domain.Shared.pdb
obj/Debug/netstandard2.1/blazor/unlinked/Volo.Abp.SettingManagement.Domain.Shared.pdb
obj/Debug/netstandard2.1/blazor/unlinked/Volo.Abp.PermissionManagement.Domain.Shared.pdb
obj/Debug/netstandard2.1/blazor/unlinked/Volo.Abp.IdentityServer.Domain.Shared.pdb
obj/Debug/netstandard2.1/blazor/unlinked/Volo.Abp.Identity.Domain.Shared.pdb
obj/Debug/netstandard2.1/blazor/unlinked/Volo.Abp.Users.Domain.Shared.pdb
obj/Debug/netstandard2.1/blazor/unlinked/Volo.Abp.FeatureManagement.Domain.Shared.pdb
obj/Debug/netstandard2.1/blazor/unlinked/Volo.Abp.BackgroundJobs.Domain.Shared.pdb
obj/Debug/netstandard2.1/blazor/unlinked/Volo.Abp.AuditLogging.Domain.Shared.pdb
obj/Debug/netstandard2.1/blazor/unlinked/Acme.BookStore.Application.Contracts.pdb
obj/Debug/netstandard2.1/blazor/unlinked/Volo.Abp.TenantManagement.Application.Contracts.pdb
obj/Debug/netstandard2.1/blazor/unlinked/Volo.Abp.PermissionManagement.Application.Contracts.pdb
obj/Debug/netstandard2.1/blazor/unlinked/Volo.Abp.Identity.Application.Contracts.pdb
obj/Debug/netstandard2.1/blazor/unlinked/Volo.Abp.Users.Abstractions.pdb
obj/Debug/netstandard2.1/blazor/unlinked/Volo.Abp.FeatureManagement.Application.Contracts.pdb
obj/Debug/netstandard2.1/blazor/unlinked/Volo.Abp.Account.Application.Contracts.pdb
obj/Debug/netstandard2.1/blazor/unlinked/Volo.Abp.AutoMapper.pdb
obj/Debug/netstandard2.1/blazor/unlinked/Volo.Abp.UI.Navigation.pdb
obj/Debug/netstandard2.1/blazor/unlinked/Volo.Abp.AspNetCore.Components.WebAssembly.Theming.pdb
obj/Debug/netstandard2.1/blazor/unlinked/Volo.Abp.Http.Client.IdentityModel.WebAssembly.pdb
obj/Debug/netstandard2.1/blazor/unlinked/IdentityModel.pdb
obj/Debug/netstandard2.1/blazor/unlinked/Volo.Abp.IdentityModel.pdb
obj/Debug/netstandard2.1/blazor/unlinked/Volo.Abp.Http.Client.IdentityModel.pdb
obj/Debug/netstandard2.1/blazor/unlinked/Volo.Abp.TenantManagement.Blazor.pdb
obj/Debug/netstandard2.1/blazor/unlinked/Volo.Abp.FeatureManagement.Blazor.pdb
obj/Debug/netstandard2.1/blazor/unlinked/Volo.Abp.FeatureManagement.HttpApi.Client.pdb
obj/Debug/netstandard2.1/blazor/unlinked/Volo.Abp.TenantManagement.HttpApi.Client.pdb
obj/Debug/netstandard2.1/blazor/unlinked/Volo.Abp.Identity.Blazor.pdb
obj/Debug/netstandard2.1/blazor/unlinked/Volo.Abp.PermissionManagement.Blazor.pdb
obj/Debug/netstandard2.1/blazor/unlinked/Volo.Abp.PermissionManagement.HttpApi.Client.pdb
obj/Debug/netstandard2.1/blazor/unlinked/Volo.Abp.Identity.HttpApi.Client.pdb
obj/Debug/netstandard2.1/blazor/unlinked/Volo.Abp.AspNetCore.Components.WebAssembly.BasicTheme.pdb
obj/Debug/netstandard2.1/blazor/unlinked/Acme.BookStore.HttpApi.Client.pdb
obj/Debug/netstandard2.1/blazor/unlinked/Volo.Abp.Account.HttpApi.Client.pdb
obj/Debug/netstandard2.1/blazor/unlinked/Volo.Abp.Autofac.WebAssembly.pdb
obj/Debug/netstandard2.1/blazor/unlinked/Volo.Abp.Autofac.pdb
obj/Debug/netstandard2.1/blazor/unlinked/Autofac.Extras.DynamicProxy.pdb
